<?xml version="1.0" encoding="UTF-8"?>
<!-- Generated by org.testng.reporters.JUnitReportReporter -->
<testsuite hostname="apple" name="com.tests.LoginTests" tests="3" failures="0" timestamp="7 Jul 2016 01:47:49 GMT" time="19.420" errors="0">
  <testcase name="testLogin" time="6.389" classname="com.tests.LoginTests"/>
  <testcase name="testLoginbadpass" time="6.574" classname="com.tests.LoginTests"/>
  <testcase name="testLoginError" time="6.457" classname="com.tests.LoginTests"/>
</testsuite> <!-- com.tests.LoginTests -->
